  App.cpp
  Navigator.cpp
  AuthController.cpp
  GenreController.cpp
  MenuController.cpp
  PlaylistController.cpp
  PlaylistSongsController.cpp
D:\playlish\playlish\Controllers\PlaylistSongsController.cpp(31,22): warning C4101: 'exception': unreferenced local variable
  SongController.cpp
  Playlist.cpp
  playlish.cpp
  Generating Code...
SongController.obj : error LNK2001: unresolved external symbol "public: __cdecl SAString::SAString(void)" (??0SAString@@QEAA@XZ)
Playlist.obj : error LNK2001: unresolved external symbol "public: __cdecl SAString::SAString(void)" (??0SAString@@QEAA@XZ)
AuthController.obj : error LNK2001: unresolved external symbol "public: __cdecl SAString::SAString(void)" (??0SAString@@QEAA@XZ)
GenreController.obj : error LNK2001: unresolved external symbol "public: __cdecl SAString::SAString(void)" (??0SAString@@QEAA@XZ)
PlaylistController.obj : error LNK2001: unresolved external symbol "public: __cdecl SAString::SAString(void)" (??0SAString@@QEAA@XZ)
PlaylistSongsController.obj : error LNK2001: unresolved external symbol "public: __cdecl SAString::SAString(void)" (??0SAString@@QEAA@XZ)
SongController.obj : error LNK2001: unresolved external symbol "public: __cdecl SAString::SAString(char const *)" (??0SAString@@QEAA@PEBD@Z)
Playlist.obj : error LNK2001: unresolved external symbol "public: __cdecl SAString::SAString(char const *)" (??0SAString@@QEAA@PEBD@Z)
playlish.obj : error LNK2001: unresolved external symbol "public: __cdecl SAString::SAString(char const *)" (??0SAString@@QEAA@PEBD@Z)
AuthController.obj : error LNK2001: unresolved external symbol "public: __cdecl SAString::SAString(char const *)" (??0SAString@@QEAA@PEBD@Z)
GenreController.obj : error LNK2001: unresolved external symbol "public: __cdecl SAString::SAString(char const *)" (??0SAString@@QEAA@PEBD@Z)
PlaylistController.obj : error LNK2001: unresolved external symbol "public: __cdecl SAString::SAString(char const *)" (??0SAString@@QEAA@PEBD@Z)
PlaylistSongsController.obj : error LNK2001: unresolved external symbol "public: __cdecl SAString::SAString(char const *)" (??0SAString@@QEAA@PEBD@Z)
SongController.obj : error LNK2001: unresolved external symbol "public: char const * __cdecl SAString::GetMultiByteChars(void)const " (?GetMultiByteChars@SAString@@QEBAPEBDXZ)
Playlist.obj : error LNK2001: unresolved external symbol "public: char const * __cdecl SAString::GetMultiByteChars(void)const " (?GetMultiByteChars@SAString@@QEBAPEBDXZ)
playlish.obj : error LNK2001: unresolved external symbol "public: char const * __cdecl SAString::GetMultiByteChars(void)const " (?GetMultiByteChars@SAString@@QEBAPEBDXZ)
AuthController.obj : error LNK2001: unresolved external symbol "public: char const * __cdecl SAString::GetMultiByteChars(void)const " (?GetMultiByteChars@SAString@@QEBAPEBDXZ)
GenreController.obj : error LNK2001: unresolved external symbol "public: char const * __cdecl SAString::GetMultiByteChars(void)const " (?GetMultiByteChars@SAString@@QEBAPEBDXZ)
PlaylistController.obj : error LNK2001: unresolved external symbol "public: char const * __cdecl SAString::GetMultiByteChars(void)const " (?GetMultiByteChars@SAString@@QEBAPEBDXZ)
PlaylistSongsController.obj : error LNK2001: unresolved external symbol "public: char const * __cdecl SAString::GetMultiByteChars(void)const " (?GetMultiByteChars@SAString@@QEBAPEBDXZ)
SongController.obj : error LNK2001: unresolved external symbol "public: __cdecl SAString::~SAString(void)" (??1SAString@@QEAA@XZ)
Playlist.obj : error LNK2001: unresolved external symbol "public: __cdecl SAString::~SAString(void)" (??1SAString@@QEAA@XZ)
playlish.obj : error LNK2001: unresolved external symbol "public: __cdecl SAString::~SAString(void)" (??1SAString@@QEAA@XZ)
AuthController.obj : error LNK2001: unresolved external symbol "public: __cdecl SAString::~SAString(void)" (??1SAString@@QEAA@XZ)
GenreController.obj : error LNK2001: unresolved external symbol "public: __cdecl SAString::~SAString(void)" (??1SAString@@QEAA@XZ)
PlaylistController.obj : error LNK2001: unresolved external symbol "public: __cdecl SAString::~SAString(void)" (??1SAString@@QEAA@XZ)
PlaylistSongsController.obj : error LNK2001: unresolved external symbol "public: __cdecl SAString::~SAString(void)" (??1SAString@@QEAA@XZ)
SongController.obj : error LNK2001: unresolved external symbol "public: __cdecl SAConnection::SAConnection(void)" (??0SAConnection@@QEAA@XZ)
Playlist.obj : error LNK2001: unresolved external symbol "public: __cdecl SAConnection::SAConnection(void)" (??0SAConnection@@QEAA@XZ)
playlish.obj : error LNK2001: unresolved external symbol "public: __cdecl SAConnection::SAConnection(void)" (??0SAConnection@@QEAA@XZ)
AuthController.obj : error LNK2001: unresolved external symbol "public: __cdecl SAConnection::SAConnection(void)" (??0SAConnection@@QEAA@XZ)
GenreController.obj : error LNK2001: unresolved external symbol "public: __cdecl SAConnection::SAConnection(void)" (??0SAConnection@@QEAA@XZ)
PlaylistController.obj : error LNK2001: unresolved external symbol "public: __cdecl SAConnection::SAConnection(void)" (??0SAConnection@@QEAA@XZ)
PlaylistSongsController.obj : error LNK2001: unresolved external symbol "public: __cdecl SAConnection::SAConnection(void)" (??0SAConnection@@QEAA@XZ)
SongController.obj : error LNK2001: unresolved external symbol "public: virtual __cdecl SAConnection::~SAConnection(void)" (??1SAConnection@@UEAA@XZ)
Playlist.obj : error LNK2001: unresolved external symbol "public: virtual __cdecl SAConnection::~SAConnection(void)" (??1SAConnection@@UEAA@XZ)
playlish.obj : error LNK2001: unresolved external symbol "public: virtual __cdecl SAConnection::~SAConnection(void)" (??1SAConnection@@UEAA@XZ)
AuthController.obj : error LNK2001: unresolved external symbol "public: virtual __cdecl SAConnection::~SAConnection(void)" (??1SAConnection@@UEAA@XZ)
GenreController.obj : error LNK2001: unresolved external symbol "public: virtual __cdecl SAConnection::~SAConnection(void)" (??1SAConnection@@UEAA@XZ)
PlaylistController.obj : error LNK2001: unresolved external symbol "public: virtual __cdecl SAConnection::~SAConnection(void)" (??1SAConnection@@UEAA@XZ)
PlaylistSongsController.obj : error LNK2001: unresolved external symbol "public: virtual __cdecl SAConnection::~SAConnection(void)" (??1SAConnection@@UEAA@XZ)
SongController.obj : error LNK2001: unresolved external symbol "public: void __cdecl SAConnection::Connect(class SAString const &,class SAString const &,class SAString const &,enum eSAClient,void (__cdecl*)(class SAConnection &,enum eSAConnectionHandlerType))" (?Connect@SAConnection@@QEAAXAEBVSAString@@00W4eSAClient@@P6AXAEAV1@W4eSAConnectionHandlerType@@@Z@Z)
Playlist.obj : error LNK2001: unresolved external symbol "public: void __cdecl SAConnection::Connect(class SAString const &,class SAString const &,class SAString const &,enum eSAClient,void (__cdecl*)(class SAConnection &,enum eSAConnectionHandlerType))" (?Connect@SAConnection@@QEAAXAEBVSAString@@00W4eSAClient@@P6AXAEAV1@W4eSAConnectionHandlerType@@@Z@Z)
playlish.obj : error LNK2001: unresolved external symbol "public: void __cdecl SAConnection::Connect(class SAString const &,class SAString const &,class SAString const &,enum eSAClient,void (__cdecl*)(class SAConnection &,enum eSAConnectionHandlerType))" (?Connect@SAConnection@@QEAAXAEBVSAString@@00W4eSAClient@@P6AXAEAV1@W4eSAConnectionHandlerType@@@Z@Z)
AuthController.obj : error LNK2001: unresolved external symbol "public: void __cdecl SAConnection::Connect(class SAString const &,class SAString const &,class SAString const &,enum eSAClient,void (__cdecl*)(class SAConnection &,enum eSAConnectionHandlerType))" (?Connect@SAConnection@@QEAAXAEBVSAString@@00W4eSAClient@@P6AXAEAV1@W4eSAConnectionHandlerType@@@Z@Z)
GenreController.obj : error LNK2001: unresolved external symbol "public: void __cdecl SAConnection::Connect(class SAString const &,class SAString const &,class SAString const &,enum eSAClient,void (__cdecl*)(class SAConnection &,enum eSAConnectionHandlerType))" (?Connect@SAConnection@@QEAAXAEBVSAString@@00W4eSAClient@@P6AXAEAV1@W4eSAConnectionHandlerType@@@Z@Z)
PlaylistController.obj : error LNK2001: unresolved external symbol "public: void __cdecl SAConnection::Connect(class SAString const &,class SAString const &,class SAString const &,enum eSAClient,void (__cdecl*)(class SAConnection &,enum eSAConnectionHandlerType))" (?Connect@SAConnection@@QEAAXAEBVSAString@@00W4eSAClient@@P6AXAEAV1@W4eSAConnectionHandlerType@@@Z@Z)
PlaylistSongsController.obj : error LNK2001: unresolved external symbol "public: void __cdecl SAConnection::Connect(class SAString const &,class SAString const &,class SAString const &,enum eSAClient,void (__cdecl*)(class SAConnection &,enum eSAConnectionHandlerType))" (?Connect@SAConnection@@QEAAXAEBVSAString@@00W4eSAClient@@P6AXAEAV1@W4eSAConnectionHandlerType@@@Z@Z)
SongController.obj : error LNK2001: unresolved external symbol "public: void __cdecl SAConnection::Rollback(void)" (?Rollback@SAConnection@@QEAAXXZ)
Playlist.obj : error LNK2001: unresolved external symbol "public: void __cdecl SAConnection::Rollback(void)" (?Rollback@SAConnection@@QEAAXXZ)
playlish.obj : error LNK2001: unresolved external symbol "public: void __cdecl SAConnection::Rollback(void)" (?Rollback@SAConnection@@QEAAXXZ)
AuthController.obj : error LNK2001: unresolved external symbol "public: void __cdecl SAConnection::Rollback(void)" (?Rollback@SAConnection@@QEAAXXZ)
GenreController.obj : error LNK2001: unresolved external symbol "public: void __cdecl SAConnection::Rollback(void)" (?Rollback@SAConnection@@QEAAXXZ)
PlaylistController.obj : error LNK2001: unresolved external symbol "public: void __cdecl SAConnection::Rollback(void)" (?Rollback@SAConnection@@QEAAXXZ)
PlaylistSongsController.obj : error LNK2001: unresolved external symbol "public: void __cdecl SAConnection::Rollback(void)" (?Rollback@SAConnection@@QEAAXXZ)
SongController.obj : error LNK2001: unresolved external symbol "public: __cdecl SACommand::SACommand(class SAConnection *,class SAString const &,enum eSACommandType)" (??0SACommand@@QEAA@PEAVSAConnection@@AEBVSAString@@W4eSACommandType@@@Z)
Playlist.obj : error LNK2001: unresolved external symbol "public: __cdecl SACommand::SACommand(class SAConnection *,class SAString const &,enum eSACommandType)" (??0SACommand@@QEAA@PEAVSAConnection@@AEBVSAString@@W4eSACommandType@@@Z)
AuthController.obj : error LNK2001: unresolved external symbol "public: __cdecl SACommand::SACommand(class SAConnection *,class SAString const &,enum eSACommandType)" (??0SACommand@@QEAA@PEAVSAConnection@@AEBVSAString@@W4eSACommandType@@@Z)
GenreController.obj : error LNK2001: unresolved external symbol "public: __cdecl SACommand::SACommand(class SAConnection *,class SAString const &,enum eSACommandType)" (??0SACommand@@QEAA@PEAVSAConnection@@AEBVSAString@@W4eSACommandType@@@Z)
PlaylistController.obj : error LNK2001: unresolved external symbol "public: __cdecl SACommand::SACommand(class SAConnection *,class SAString const &,enum eSACommandType)" (??0SACommand@@QEAA@PEAVSAConnection@@AEBVSAString@@W4eSACommandType@@@Z)
PlaylistSongsController.obj : error LNK2001: unresolved external symbol "public: __cdecl SACommand::SACommand(class SAConnection *,class SAString const &,enum eSACommandType)" (??0SACommand@@QEAA@PEAVSAConnection@@AEBVSAString@@W4eSACommandType@@@Z)
SongController.obj : error LNK2001: unresolved external symbol "public: virtual __cdecl SACommand::~SACommand(void)" (??1SACommand@@UEAA@XZ)
Playlist.obj : error LNK2001: unresolved external symbol "public: virtual __cdecl SACommand::~SACommand(void)" (??1SACommand@@UEAA@XZ)
AuthController.obj : error LNK2001: unresolved external symbol "public: virtual __cdecl SACommand::~SACommand(void)" (??1SACommand@@UEAA@XZ)
GenreController.obj : error LNK2001: unresolved external symbol "public: virtual __cdecl SACommand::~SACommand(void)" (??1SACommand@@UEAA@XZ)
PlaylistController.obj : error LNK2001: unresolved external symbol "public: virtual __cdecl SACommand::~SACommand(void)" (??1SACommand@@UEAA@XZ)
PlaylistSongsController.obj : error LNK2001: unresolved external symbol "public: virtual __cdecl SACommand::~SACommand(void)" (??1SACommand@@UEAA@XZ)
SongController.obj : error LNK2001: unresolved external symbol "public: void __cdecl SACommand::setCommandText(class SAString const &,enum eSACommandType)" (?setCommandText@SACommand@@QEAAXAEBVSAString@@W4eSACommandType@@@Z)
Playlist.obj : error LNK2001: unresolved external symbol "public: void __cdecl SACommand::setCommandText(class SAString const &,enum eSACommandType)" (?setCommandText@SACommand@@QEAAXAEBVSAString@@W4eSACommandType@@@Z)
AuthController.obj : error LNK2001: unresolved external symbol "public: void __cdecl SACommand::setCommandText(class SAString const &,enum eSACommandType)" (?setCommandText@SACommand@@QEAAXAEBVSAString@@W4eSACommandType@@@Z)
GenreController.obj : error LNK2001: unresolved external symbol "public: void __cdecl SACommand::setCommandText(class SAString const &,enum eSACommandType)" (?setCommandText@SACommand@@QEAAXAEBVSAString@@W4eSACommandType@@@Z)
PlaylistController.obj : error LNK2001: unresolved external symbol "public: void __cdecl SACommand::setCommandText(class SAString const &,enum eSACommandType)" (?setCommandText@SACommand@@QEAAXAEBVSAString@@W4eSACommandType@@@Z)
PlaylistSongsController.obj : error LNK2001: unresolved external symbol "public: void __cdecl SACommand::setCommandText(class SAString const &,enum eSACommandType)" (?setCommandText@SACommand@@QEAAXAEBVSAString@@W4eSACommandType@@@Z)
SongController.obj : error LNK2001: unresolved external symbol "public: virtual void __cdecl SACommand::Execute(void)" (?Execute@SACommand@@UEAAXXZ)
Playlist.obj : error LNK2001: unresolved external symbol "public: virtual void __cdecl SACommand::Execute(void)" (?Execute@SACommand@@UEAAXXZ)
AuthController.obj : error LNK2001: unresolved external symbol "public: virtual void __cdecl SACommand::Execute(void)" (?Execute@SACommand@@UEAAXXZ)
GenreController.obj : error LNK2001: unresolved external symbol "public: virtual void __cdecl SACommand::Execute(void)" (?Execute@SACommand@@UEAAXXZ)
PlaylistController.obj : error LNK2001: unresolved external symbol "public: virtual void __cdecl SACommand::Execute(void)" (?Execute@SACommand@@UEAAXXZ)
PlaylistSongsController.obj : error LNK2001: unresolved external symbol "public: virtual void __cdecl SACommand::Execute(void)" (?Execute@SACommand@@UEAAXXZ)
Playlist.obj : error LNK2019: unresolved external symbol "public: long __cdecl SACommand::RowsAffected(void)" (?RowsAffected@SACommand@@QEAAJXZ) referenced in function "public: __cdecl std::_Compressed_pair<struct std::less<class std::basic_string<char,struct std::char_traits<char>,class std::allocator<char> > >,class std::_Compressed_pair<class std::allocator<struct std::_Tree_node<struct std::pair<class std::basic_string<char,struct std::char_traits<char>,class std::allocator<char> > const ,class std::basic_string<char,struct std::char_traits<char>,class std::allocator<char> > >,void *> >,class std::_Tree_val<struct std::_Tree_simple_types<struct std::pair<class std::basic_string<char,struct std::char_traits<char>,class std::allocator<char> > const ,class std::basic_string<char,struct std::char_traits<char>,class std::allocator<char> > > > >,1>,1>::_Compressed_pair<struct std::less<class std::basic_string<char,struct std::char_traits<char>,class std::allocator<char> > >,class std::_Compressed_pair<class std::allocator<struct std::_Tree_node<struct std::pair<class std::basic_string<char,struct std::char_traits<char>,class std::allocator<char> > const ,class std::basic_string<char,struct std::char_traits<char>,class std::allocator<char> > >,void *> >,class std::_Tree_val<struct std::_Tree_simple_types<struct std::pair<class std::basic_string<char,struct std::char_traits<char>,class std::allocator<char> > const ,class std::basic_string<char,struct std::char_traits<char>,class std::allocator<char> > > > >,1>,1><struct std::less<class std::basic_string<char,struct std::char_traits<char>,class std::allocator<char> > > const &,struct std::_Zero_then_variadic_args_t>(struct std::_One_then_variadic_args_t,struct std::less<class std::basic_string<char,struct std::char_traits<char>,class std::allocator<char> > > const &,struct std::_Zero_then_variadic_args_t &&)" (??$?0AEBU?$less@V?$basic_string@DU?$char_traits@D@std@@V?$allocator@D@2@@std@@@std@@U_Zero_then_variadic_args_t@1@@?$_Compressed_pair@U?$less@V?$basic_string@DU?$char_traits@D@std@@V?$allocator@D@2@@std@@@std@@V?$_Compressed_pair@V?$allocator@U?$_Tree_node@U?$pair@$$CBV?$basic_string@DU?$char_traits@D@std@@V?$allocator@D@2@@std@@V12@@std@@PEAX@std@@@std@@V?$_Tree_val@U?$_Tree_simple_types@U?$pair@$$CBV?$basic_string@DU?$char_traits@D@std@@V?$allocator@D@2@@std@@V12@@std@@@std@@@2@$00@2@$00@std@@QEAA@U_One_then_variadic_args_t@1@AEBU?$less@V?$basic_string@DU?$char_traits@D@std@@V?$allocator@D@2@@std@@@1@$$QEAU_Zero_then_variadic_args_t@1@@Z)
AuthController.obj : error LNK2001: unresolved external symbol "public: long __cdecl SACommand::RowsAffected(void)" (?RowsAffected@SACommand@@QEAAJXZ)
PlaylistController.obj : error LNK2001: unresolved external symbol "public: long __cdecl SACommand::RowsAffected(void)" (?RowsAffected@SACommand@@QEAAJXZ)
PlaylistSongsController.obj : error LNK2001: unresolved external symbol "public: long __cdecl SACommand::RowsAffected(void)" (?RowsAffected@SACommand@@QEAAJXZ)
SongController.obj : error LNK2001: unresolved external symbol "public: long __cdecl SACommand::RowsAffected(void)" (?RowsAffected@SACommand@@QEAAJXZ)
Playlist.obj : error LNK2019: unresolved external symbol "public: bool __cdecl SACommand::FetchNext(void)" (?FetchNext@SACommand@@QEAA_NXZ) referenced in function "public: __cdecl std::_Compressed_pair<struct std::less<class std::basic_string<char,struct std::char_traits<char>,class std::allocator<char> > >,class std::_Compressed_pair<class std::allocator<struct std::_Tree_node<struct std::pair<class std::basic_string<char,struct std::char_traits<char>,class std::allocator<char> > const ,class std::basic_string<char,struct std::char_traits<char>,class std::allocator<char> > >,void *> >,class std::_Tree_val<struct std::_Tree_simple_types<struct std::pair<class std::basic_string<char,struct std::char_traits<char>,class std::allocator<char> > const ,class std::basic_string<char,struct std::char_traits<char>,class std::allocator<char> > > > >,1>,1>::_Compressed_pair<struct std::less<class std::basic_string<char,struct std::char_traits<char>,class std::allocator<char> > >,class std::_Compressed_pair<class std::allocator<struct std::_Tree_node<struct std::pair<class std::basic_string<char,struct std::char_traits<char>,class std::allocator<char> > const ,class std::basic_string<char,struct std::char_traits<char>,class std::allocator<char> > >,void *> >,class std::_Tree_val<struct std::_Tree_simple_types<struct std::pair<class std::basic_string<char,struct std::char_traits<char>,class std::allocator<char> > const ,class std::basic_string<char,struct std::char_traits<char>,class std::allocator<char> > > > >,1>,1><struct std::less<class std::basic_string<char,struct std::char_traits<char>,class std::allocator<char> > > const &,struct std::_Zero_then_variadic_args_t>(struct std::_One_then_variadic_args_t,struct std::less<class std::basic_string<char,struct std::char_traits<char>,class std::allocator<char> > > const &,struct std::_Zero_then_variadic_args_t &&)" (??$?0AEBU?$less@V?$basic_string@DU?$char_traits@D@std@@V?$allocator@D@2@@std@@@std@@U_Zero_then_variadic_args_t@1@@?$_Compressed_pair@U?$less@V?$basic_string@DU?$char_traits@D@std@@V?$allocator@D@2@@std@@@std@@V?$_Compressed_pair@V?$allocator@U?$_Tree_node@U?$pair@$$CBV?$basic_string@DU?$char_traits@D@std@@V?$allocator@D@2@@std@@V12@@std@@PEAX@std@@@std@@V?$_Tree_val@U?$_Tree_simple_types@U?$pair@$$CBV?$basic_string@DU?$char_traits@D@std@@V?$allocator@D@2@@std@@V12@@std@@@std@@@2@$00@2@$00@std@@QEAA@U_One_then_variadic_args_t@1@AEBU?$less@V?$basic_string@DU?$char_traits@D@std@@V?$allocator@D@2@@std@@@1@$$QEAU_Zero_then_variadic_args_t@1@@Z)
AuthController.obj : error LNK2001: unresolved external symbol "public: bool __cdecl SACommand::FetchNext(void)" (?FetchNext@SACommand@@QEAA_NXZ)
GenreController.obj : error LNK2001: unresolved external symbol "public: bool __cdecl SACommand::FetchNext(void)" (?FetchNext@SACommand@@QEAA_NXZ)
PlaylistController.obj : error LNK2001: unresolved external symbol "public: bool __cdecl SACommand::FetchNext(void)" (?FetchNext@SACommand@@QEAA_NXZ)
SongController.obj : error LNK2001: unresolved external symbol "public: bool __cdecl SACommand::FetchNext(void)" (?FetchNext@SACommand@@QEAA_NXZ)
AuthController.obj : error LNK2019: unresolved external symbol "public: class SACommand & __cdecl SACommand::operator<<(char const *)" (??6SACommand@@QEAAAEAV0@PEBD@Z) referenced in function "protected: int __cdecl AuthController::insertUser(void)const " (?insertUser@AuthController@@IEBAHXZ)
PlaylistController.obj : error LNK2001: unresolved external symbol "public: class SACommand & __cdecl SACommand::operator<<(char const *)" (??6SACommand@@QEAAAEAV0@PEBD@Z)
Playlist.obj : error LNK2001: unresolved external symbol "public: class SACommand & __cdecl SACommand::operator<<(char const *)" (??6SACommand@@QEAAAEAV0@PEBD@Z)
AuthController.obj : error LNK2019: unresolved external symbol "public: int __cdecl SACommand::FieldCount(void)" (?FieldCount@SACommand@@QEAAHXZ) referenced in function "public: static void __cdecl User::login(class SACommand &)" (?login@User@@SAXAEAVSACommand@@@Z)
AuthController.obj : error LNK2019: unresolved external symbol "public: class SAField & __cdecl SACommand::Field(int)" (?Field@SACommand@@QEAAAEAVSAField@@H@Z) referenced in function "public: static void __cdecl User::login(class SACommand &)" (?login@User@@SAXAEAVSACommand@@@Z)
Playlist.obj : error LNK2001: unresolved external symbol "public: class SAField & __cdecl SACommand::Field(int)" (?Field@SACommand@@QEAAAEAVSAField@@H@Z)
AuthController.obj : error LNK2019: unresolved external symbol "public: class SAString __cdecl SAValueRead::asString(void)const " (?asString@SAValueRead@@QEBA?AVSAString@@XZ) referenced in function "public: static void __cdecl User::login(class SACommand &)" (?login@User@@SAXAEAVSACommand@@@Z)
GenreController.obj : error LNK2001: unresolved external symbol "public: class SAString __cdecl SAValueRead::asString(void)const " (?asString@SAValueRead@@QEBA?AVSAString@@XZ)
PlaylistController.obj : error LNK2001: unresolved external symbol "public: class SAString __cdecl SAValueRead::asString(void)const " (?asString@SAValueRead@@QEBA?AVSAString@@XZ)
SongController.obj : error LNK2001: unresolved external symbol "public: class SAString __cdecl SAValueRead::asString(void)const " (?asString@SAValueRead@@QEBA?AVSAString@@XZ)
AuthController.obj : error LNK2019: unresolved external symbol "public: class SAString const & __cdecl SAField::Name(void)const " (?Name@SAField@@QEBAAEBVSAString@@XZ) referenced in function "public: static void __cdecl User::login(class SACommand &)" (?login@User@@SAXAEAVSACommand@@@Z)
SongController.obj : error LNK2001: unresolved external symbol "public: class SAString __cdecl SAException::ErrText(void)const " (?ErrText@SAException@@QEBA?AVSAString@@XZ)
Playlist.obj : error LNK2001: unresolved external symbol "public: class SAString __cdecl SAException::ErrText(void)const " (?ErrText@SAException@@QEBA?AVSAString@@XZ)
playlish.obj : error LNK2001: unresolved external symbol "public: class SAString __cdecl SAException::ErrText(void)const " (?ErrText@SAException@@QEBA?AVSAString@@XZ)
AuthController.obj : error LNK2001: unresolved external symbol "public: class SAString __cdecl SAException::ErrText(void)const " (?ErrText@SAException@@QEBA?AVSAString@@XZ)
GenreController.obj : error LNK2001: unresolved external symbol "public: class SAString __cdecl SAException::ErrText(void)const " (?ErrText@SAException@@QEBA?AVSAString@@XZ)
PlaylistController.obj : error LNK2001: unresolved external symbol "public: class SAString __cdecl SAException::ErrText(void)const " (?ErrText@SAException@@QEBA?AVSAString@@XZ)
PlaylistSongsController.obj : error LNK2001: unresolved external symbol "public: class SAString __cdecl SAException::ErrText(void)const " (?ErrText@SAException@@QEBA?AVSAString@@XZ)
GenreController.obj : error LNK2019: unresolved external symbol "public: class SAField & __cdecl SACommand::Field(class SAString const &)" (?Field@SACommand@@QEAAAEAVSAField@@AEBVSAString@@@Z) referenced in function "public: static void __cdecl GenreController::showAllAsInputOptions(void)" (?showAllAsInputOptions@GenreController@@SAXXZ)
PlaylistController.obj : error LNK2001: unresolved external symbol "public: class SAField & __cdecl SACommand::Field(class SAString const &)" (?Field@SACommand@@QEAAAEAVSAField@@AEBVSAString@@@Z)
SongController.obj : error LNK2001: unresolved external symbol "public: class SAField & __cdecl SACommand::Field(class SAString const &)" (?Field@SACommand@@QEAAAEAVSAField@@AEBVSAString@@@Z)
PlaylistController.obj : error LNK2019: unresolved external symbol "public: class SAParam & __cdecl SACommand::Param(int)" (?Param@SACommand@@QEAAAEAVSAParam@@H@Z) referenced in function "protected: void __cdecl PlaylistController::deletePlaylist(void)const " (?deletePlaylist@PlaylistController@@IEBAXXZ)
PlaylistSongsController.obj : error LNK2001: unresolved external symbol "public: class SAParam & __cdecl SACommand::Param(int)" (?Param@SACommand@@QEAAAEAVSAParam@@H@Z)
SongController.obj : error LNK2001: unresolved external symbol "public: class SAParam & __cdecl SACommand::Param(int)" (?Param@SACommand@@QEAAAEAVSAParam@@H@Z)
Playlist.obj : error LNK2001: unresolved external symbol "public: class SAParam & __cdecl SACommand::Param(int)" (?Param@SACommand@@QEAAAEAVSAParam@@H@Z)
PlaylistController.obj : error LNK2019: unresolved external symbol "public: long & __cdecl SAValue::setAsLong(void)" (?setAsLong@SAValue@@QEAAAEAJXZ) referenced in function "protected: void __cdecl PlaylistController::deletePlaylist(void)const " (?deletePlaylist@PlaylistController@@IEBAXXZ)
PlaylistSongsController.obj : error LNK2001: unresolved external symbol "public: long & __cdecl SAValue::setAsLong(void)" (?setAsLong@SAValue@@QEAAAEAJXZ)
SongController.obj : error LNK2001: unresolved external symbol "public: long & __cdecl SAValue::setAsLong(void)" (?setAsLong@SAValue@@QEAAAEAJXZ)
Playlist.obj : error LNK2001: unresolved external symbol "public: long & __cdecl SAValue::setAsLong(void)" (?setAsLong@SAValue@@QEAAAEAJXZ)
SongController.obj : error LNK2019: unresolved external symbol "public: class SAString const & __cdecl SAString::operator=(char const *)" (??4SAString@@QEAAAEBV0@PEBD@Z) referenced in function "protected: virtual void __cdecl SongController::insertToDb(void)" (?insertToDb@SongController@@MEAAXXZ)
Playlist.obj : error LNK2001: unresolved external symbol "public: class SAString const & __cdecl SAString::operator=(char const *)" (??4SAString@@QEAAAEBV0@PEBD@Z)
SongController.obj : error LNK2019: unresolved external symbol "public: unsigned __int64 __cdecl SAString::GetMultiByteCharsLength(void)const " (?GetMultiByteCharsLength@SAString@@QEBA_KXZ) referenced in function "public: static void __cdecl SongController::printFromCommand(class SACommand &)" (?printFromCommand@SongController@@SAXAEAVSACommand@@@Z)
SongController.obj : error LNK2019: unresolved external symbol "public: long __cdecl SAValueRead::asLong(void)const " (?asLong@SAValueRead@@QEBAJXZ) referenced in function "public: static void __cdecl SongController::printFromCommand(class SACommand &)" (?printFromCommand@SongController@@SAXAEAVSACommand@@@Z)
Playlist.obj : error LNK2001: unresolved external symbol "public: long __cdecl SAValueRead::asLong(void)const " (?asLong@SAValueRead@@QEBAJXZ)
SongController.obj : error LNK2019: unresolved external symbol "public: class SAString & __cdecl SAValue::setAsString(void)" (?setAsString@SAValue@@QEAAAEAVSAString@@XZ) referenced in function "protected: virtual void __cdecl SongController::insertToDb(void)" (?insertToDb@SongController@@MEAAXXZ)
Playlist.obj : error LNK2001: unresolved external symbol "public: class SAString & __cdecl SAValue::setAsString(void)" (?setAsString@SAValue@@QEAAAEAVSAString@@XZ)
D:\SQLAPI\vs2019\lib\sqlapid.lib : warning LNK4272: library machine type 'x86' conflicts with target machine type 'x64'
D:\playlish\x64\Debug\playlish.exe : fatal error LNK1120: 27 unresolved externals
